2024-03-20 11:38:33,497 [Worker-1: Loading available Gradle versions] INFO  o.e.b.c.i.u.g.PublishedGradleVersions - Gradle version information cache is up-to-date. Trying to read.
2024-03-20 11:39:01,862 [Worker-18: Importing Maven projects] INFO  o.e.m.c.i.l.LifecycleMappingFactory - Using org.eclipse.m2e.jdt.JarLifecycleMapping lifecycle mapping for MavenProject: com.te:address-app:0.0.1-SNAPSHOT @ D:\TECHNO-ELEVATE\TRAINING\Microservices\address-app\pom.xml.
2024-03-20 11:39:03,084 [Worker-18: Importing Maven projects] INFO  o.e.m.j.i.AbstractJavaProjectConfigurator - Adding source folder /address-app/src/main/java
2024-03-20 11:39:03,084 [Worker-18: Importing Maven projects] INFO  o.e.m.j.i.AbstractJavaProjectConfigurator - Adding resource folder /address-app/src/main/resources
2024-03-20 11:39:03,091 [Worker-18: Importing Maven projects] INFO  o.e.m.j.i.AbstractJavaProjectConfigurator - Adding resource folder /address-app/src/main/resources
2024-03-20 11:39:03,099 [Worker-18: Importing Maven projects] INFO  o.e.m.j.i.AbstractJavaProjectConfigurator - Adding source folder /address-app/src/test/java
2024-03-20 11:39:03,100 [Worker-18: Importing Maven projects] INFO  o.e.m.j.i.AbstractJavaProjectConfigurator - Adding resource folder /address-app/src/test/resources
2024-03-20 11:39:03,843 [Worker-18: Importing Maven projects] INFO  o.e.m.c.i.p.ProjectConfigurationManager - Imported and configured 1 project(s) in 3 sec
2024-03-20 11:39:05,179 [Worker-15: Building] INFO  o.a.m.s.f.DefaultMavenResourcesFiltering - Copying 1 resource from src\main\resources to target\classes
2024-03-20 11:39:05,199 [Worker-15: Building] INFO  o.a.m.s.f.DefaultMavenResourcesFiltering - Copying 0 resource from src\main\resources to target\classes
2024-03-20 11:39:05,218 [Worker-15: Building] INFO  o.a.m.s.f.DefaultMavenResourcesFiltering - skip non existing resourceDirectory D:\TECHNO-ELEVATE\TRAINING\Microservices\address-app\src\test\resources
2024-03-20 11:39:16,160 [Worker-12: Importing Maven projects] INFO  o.e.m.c.i.l.LifecycleMappingFactory - Using org.eclipse.m2e.jdt.JarLifecycleMapping lifecycle mapping for MavenProject: com.te:course-app:0.0.1-SNAPSHOT @ D:\TECHNO-ELEVATE\TRAINING\Microservices\course-app\pom.xml.
2024-03-20 11:39:16,470 [Worker-12: Importing Maven projects] INFO  o.e.m.j.i.AbstractJavaProjectConfigurator - Adding source folder /course-app/src/main/java
2024-03-20 11:39:16,470 [Worker-12: Importing Maven projects] INFO  o.e.m.j.i.AbstractJavaProjectConfigurator - Adding resource folder /course-app/src/main/resources
2024-03-20 11:39:16,472 [Worker-12: Importing Maven projects] INFO  o.e.m.j.i.AbstractJavaProjectConfigurator - Adding resource folder /course-app/src/main/resources
2024-03-20 11:39:16,475 [Worker-12: Importing Maven projects] INFO  o.e.m.j.i.AbstractJavaProjectConfigurator - Adding source folder /course-app/src/test/java
2024-03-20 11:39:16,475 [Worker-12: Importing Maven projects] INFO  o.e.m.j.i.AbstractJavaProjectConfigurator - Adding resource folder /course-app/src/test/resources
2024-03-20 11:39:16,591 [Worker-12: Importing Maven projects] INFO  o.e.m.c.i.p.ProjectConfigurationManager - Imported and configured 1 project(s) in 0 sec
2024-03-20 11:39:17,019 [Worker-16: Building] INFO  o.a.m.s.f.DefaultMavenResourcesFiltering - Copying 1 resource from src\main\resources to target\classes
2024-03-20 11:39:17,032 [Worker-16: Building] INFO  o.a.m.s.f.DefaultMavenResourcesFiltering - Copying 0 resource from src\main\resources to target\classes
2024-03-20 11:39:17,036 [Worker-16: Building] INFO  o.a.m.s.f.DefaultMavenResourcesFiltering - skip non existing resourceDirectory D:\TECHNO-ELEVATE\TRAINING\Microservices\course-app\src\test\resources
2024-03-20 11:39:46,506 [Worker-19: Importing Maven projects] INFO  o.e.m.c.i.l.LifecycleMappingFactory - Using org.eclipse.m2e.jdt.JarLifecycleMapping lifecycle mapping for MavenProject: com.te:customer-app:0.0.1-SNAPSHOT @ D:\TECHNO-ELEVATE\TRAINING\Microservices\customer-app\pom.xml.
2024-03-20 11:39:46,903 [Worker-19: Importing Maven projects] INFO  o.e.m.j.i.AbstractJavaProjectConfigurator - Adding source folder /customer-app/src/main/java
2024-03-20 11:39:46,903 [Worker-19: Importing Maven projects] INFO  o.e.m.j.i.AbstractJavaProjectConfigurator - Adding resource folder /customer-app/src/main/resources
2024-03-20 11:39:46,906 [Worker-19: Importing Maven projects] INFO  o.e.m.j.i.AbstractJavaProjectConfigurator - Adding resource folder /customer-app/src/main/resources
2024-03-20 11:39:46,909 [Worker-19: Importing Maven projects] INFO  o.e.m.j.i.AbstractJavaProjectConfigurator - Adding source folder /customer-app/src/test/java
2024-03-20 11:39:46,910 [Worker-19: Importing Maven projects] INFO  o.e.m.j.i.AbstractJavaProjectConfigurator - Adding resource folder /customer-app/src/test/resources
2024-03-20 11:39:47,101 [Worker-19: Importing Maven projects] INFO  o.e.m.c.i.p.ProjectConfigurationManager - Imported and configured 1 project(s) in 0 sec
2024-03-20 11:39:47,601 [Worker-10: Building] INFO  o.a.m.s.f.DefaultMavenResourcesFiltering - Copying 1 resource from src\main\resources to target\classes
2024-03-20 11:39:47,617 [Worker-10: Building] INFO  o.a.m.s.f.DefaultMavenResourcesFiltering - Copying 0 resource from src\main\resources to target\classes
2024-03-20 11:39:47,620 [Worker-10: Building] INFO  o.a.m.s.f.DefaultMavenResourcesFiltering - skip non existing resourceDirectory D:\TECHNO-ELEVATE\TRAINING\Microservices\customer-app\src\test\resources
2024-03-20 11:40:00,619 [Worker-7: Importing Maven projects] INFO  o.e.m.c.i.l.LifecycleMappingFactory - Using org.eclipse.m2e.jdt.JarLifecycleMapping lifecycle mapping for MavenProject: com.te:employee-app:0.0.1-SNAPSHOT @ D:\TECHNO-ELEVATE\TRAINING\Microservices\employee-app\pom.xml.
2024-03-20 11:40:00,978 [Worker-7: Importing Maven projects] INFO  o.e.m.j.i.AbstractJavaProjectConfigurator - Adding source folder /employee-app/src/main/java
2024-03-20 11:40:00,978 [Worker-7: Importing Maven projects] INFO  o.e.m.j.i.AbstractJavaProjectConfigurator - Adding resource folder /employee-app/src/main/resources
2024-03-20 11:40:00,980 [Worker-7: Importing Maven projects] INFO  o.e.m.j.i.AbstractJavaProjectConfigurator - Adding resource folder /employee-app/src/main/resources
2024-03-20 11:40:00,983 [Worker-7: Importing Maven projects] INFO  o.e.m.j.i.AbstractJavaProjectConfigurator - Adding source folder /employee-app/src/test/java
2024-03-20 11:40:00,983 [Worker-7: Importing Maven projects] INFO  o.e.m.j.i.AbstractJavaProjectConfigurator - Adding resource folder /employee-app/src/test/resources
2024-03-20 11:40:01,137 [Worker-7: Importing Maven projects] INFO  o.e.m.c.i.p.ProjectConfigurationManager - Imported and configured 1 project(s) in 0 sec
2024-03-20 11:40:01,524 [Worker-5: Building] INFO  o.a.m.s.f.DefaultMavenResourcesFiltering - Copying 1 resource from src\main\resources to target\classes
2024-03-20 11:40:01,544 [Worker-5: Building] INFO  o.a.m.s.f.DefaultMavenResourcesFiltering - Copying 0 resource from src\main\resources to target\classes
2024-03-20 11:40:01,547 [Worker-5: Building] INFO  o.a.m.s.f.DefaultMavenResourcesFiltering - skip non existing resourceDirectory D:\TECHNO-ELEVATE\TRAINING\Microservices\employee-app\src\test\resources
2024-03-20 11:42:53,699 [Worker-21: Launching Executing install in D__TECHNO-ELEVATE_TRAINING_Microservices_address-app] INFO  o.eclipse.m2e.core.internal.Bundles - getClasspathEntries(Bundle=org.eclipse.m2e.maven.runtime_3.9.400.20230826-0755 [621])
2024-03-20 11:42:53,700 [Worker-21: Launching Executing install in D__TECHNO-ELEVATE_TRAINING_Microservices_address-app] INFO  o.eclipse.m2e.core.internal.Bundles - 	Entry: C:\Users\MSI\.p2\pool\plugins\org.eclipse.m2e.maven.runtime_3.9.400.20230826-0755
2024-03-20 11:42:53,700 [Worker-21: Launching Executing install in D__TECHNO-ELEVATE_TRAINING_Microservices_address-app] INFO  o.eclipse.m2e.core.internal.Bundles - 	Entry: C:\Users\MSI\.p2\pool\plugins\org.eclipse.m2e.maven.runtime_3.9.400.20230826-0755\jars\aether-connector-okhttp-0.17.8.jar
2024-03-20 11:42:53,700 [Worker-21: Launching Executing install in D__TECHNO-ELEVATE_TRAINING_Microservices_address-app] INFO  o.eclipse.m2e.core.internal.Bundles - 	Entry: C:\Users\MSI\.p2\pool\plugins\org.eclipse.m2e.maven.runtime_3.9.400.20230826-0755\jars\aopalliance-1.0.jar
2024-03-20 11:42:53,700 [Worker-21: Launching Executing install in D__TECHNO-ELEVATE_TRAINING_Microservices_address-app] INFO  o.eclipse.m2e.core.internal.Bundles - 	Entry: C:\Users\MSI\.p2\pool\plugins\org.eclipse.m2e.maven.runtime_3.9.400.20230826-0755\jars\commons-lang3-3.12.0.jar
2024-03-20 11:42:53,701 [Worker-21: Launching Executing install in D__TECHNO-ELEVATE_TRAINING_Microservices_address-app] INFO  o.eclipse.m2e.core.internal.Bundles - 	Entry: C:\Users\MSI\.p2\pool\plugins\org.eclipse.m2e.maven.runtime_3.9.400.20230826-0755\jars\guice-5.1.0.jar
2024-03-20 11:42:53,701 [Worker-21: Launching Executing install in D__TECHNO-ELEVATE_TRAINING_Microservices_address-app] INFO  o.eclipse.m2e.core.internal.Bundles - 	Entry: C:\Users\MSI\.p2\pool\plugins\org.eclipse.m2e.maven.runtime_3.9.400.20230826-0755\jars\jansi-2.4.0.jar
2024-03-20 11:42:53,701 [Worker-21: Launching Executing install in D__TECHNO-ELEVATE_TRAINING_Microservices_address-app] INFO  o.eclipse.m2e.core.internal.Bundles - 	Entry: C:\Users\MSI\.p2\pool\plugins\org.eclipse.m2e.maven.runtime_3.9.400.20230826-0755\jars\maven-artifact-3.9.4.jar
2024-03-20 11:42:53,701 [Worker-21: Launching Executing install in D__TECHNO-ELEVATE_TRAINING_Microservices_address-app] INFO  o.eclipse.m2e.core.internal.Bundles - 	Entry: C:\Users\MSI\.p2\pool\plugins\org.eclipse.m2e.maven.runtime_3.9.400.20230826-0755\jars\maven-builder-support-3.9.4.jar
2024-03-20 11:42:53,701 [Worker-21: Launching Executing install in D__TECHNO-ELEVATE_TRAINING_Microservices_address-app] INFO  o.eclipse.m2e.core.internal.Bundles - 	Entry: C:\Users\MSI\.p2\pool\plugins\org.eclipse.m2e.maven.runtime_3.9.400.20230826-0755\jars\maven-compat-3.9.4.jar
2024-03-20 11:42:53,701 [Worker-21: Launching Executing install in D__TECHNO-ELEVATE_TRAINING_Microservices_address-app] INFO  o.eclipse.m2e.core.internal.Bundles - 	Entry: C:\Users\MSI\.p2\pool\plugins\org.eclipse.m2e.maven.runtime_3.9.400.20230826-0755\jars\maven-core-3.9.4.jar
2024-03-20 11:42:53,701 [Worker-21: Launching Executing install in D__TECHNO-ELEVATE_TRAINING_Microservices_address-app] INFO  o.eclipse.m2e.core.internal.Bundles - 	Entry: C:\Users\MSI\.p2\pool\plugins\org.eclipse.m2e.maven.runtime_3.9.400.20230826-0755\jars\maven-embedder-3.9.4.jar
2024-03-20 11:42:53,701 [Worker-21: Launching Executing install in D__TECHNO-ELEVATE_TRAINING_Microservices_address-app] INFO  o.eclipse.m2e.core.internal.Bundles - 	Entry: C:\Users\MSI\.p2\pool\plugins\org.eclipse.m2e.maven.runtime_3.9.400.20230826-0755\jars\maven-model-3.9.4.jar
2024-03-20 11:42:53,701 [Worker-21: Launching Executing install in D__TECHNO-ELEVATE_TRAINING_Microservices_address-app] INFO  o.eclipse.m2e.core.internal.Bundles - 	Entry: C:\Users\MSI\.p2\pool\plugins\org.eclipse.m2e.maven.runtime_3.9.400.20230826-0755\jars\maven-model-builder-3.9.4.jar
2024-03-20 11:42:53,701 [Worker-21: Launching Executing install in D__TECHNO-ELEVATE_TRAINING_Microservices_address-app] INFO  o.eclipse.m2e.core.internal.Bundles - 	Entry: C:\Users\MSI\.p2\pool\plugins\org.eclipse.m2e.maven.runtime_3.9.400.20230826-0755\jars\maven-plugin-api-3.9.4.jar
2024-03-20 11:42:53,701 [Worker-21: Launching Executing install in D__TECHNO-ELEVATE_TRAINING_Microservices_address-app] INFO  o.eclipse.m2e.core.internal.Bundles - 	Entry: C:\Users\MSI\.p2\pool\plugins\org.eclipse.m2e.maven.runtime_3.9.400.20230826-0755\jars\maven-repository-metadata-3.9.4.jar
2024-03-20 11:42:53,701 [Worker-21: Launching Executing install in D__TECHNO-ELEVATE_TRAINING_Microservices_address-app] INFO  o.eclipse.m2e.core.internal.Bundles - 	Entry: C:\Users\MSI\.p2\pool\plugins\org.eclipse.m2e.maven.runtime_3.9.400.20230826-0755\jars\maven-resolver-api-1.9.14.jar
2024-03-20 11:42:53,701 [Worker-21: Launching Executing install in D__TECHNO-ELEVATE_TRAINING_Microservices_address-app] INFO  o.eclipse.m2e.core.internal.Bundles - 	Entry: C:\Users\MSI\.p2\pool\plugins\org.eclipse.m2e.maven.runtime_3.9.400.20230826-0755\jars\maven-resolver-connector-basic-1.9.14.jar
2024-03-20 11:42:53,701 [Worker-21: Launching Executing install in D__TECHNO-ELEVATE_TRAINING_Microservices_address-app] INFO  o.eclipse.m2e.core.internal.Bundles - 	Entry: C:\Users\MSI\.p2\pool\plugins\org.eclipse.m2e.maven.runtime_3.9.400.20230826-0755\jars\maven-resolver-impl-1.9.14.jar
2024-03-20 11:42:53,702 [Worker-21: Launching Executing install in D__TECHNO-ELEVATE_TRAINING_Microservices_address-app] INFO  o.eclipse.m2e.core.internal.Bundles - 	Entry: C:\Users\MSI\.p2\pool\plugins\org.eclipse.m2e.maven.runtime_3.9.400.20230826-0755\jars\maven-resolver-named-locks-1.9.14.jar
2024-03-20 11:42:53,702 [Worker-21: Launching Executing install in D__TECHNO-ELEVATE_TRAINING_Microservices_address-app] INFO  o.eclipse.m2e.core.internal.Bundles - 	Entry: C:\Users\MSI\.p2\pool\plugins\org.eclipse.m2e.maven.runtime_3.9.400.20230826-0755\jars\maven-resolver-provider-3.9.4.jar
2024-03-20 11:42:53,702 [Worker-21: Launching Executing install in D__TECHNO-ELEVATE_TRAINING_Microservices_address-app] INFO  o.eclipse.m2e.core.internal.Bundles - 	Entry: C:\Users\MSI\.p2\pool\plugins\org.eclipse.m2e.maven.runtime_3.9.400.20230826-0755\jars\maven-resolver-spi-1.9.14.jar
2024-03-20 11:42:53,702 [Worker-21: Launching Executing install in D__TECHNO-ELEVATE_TRAINING_Microservices_address-app] INFO  o.eclipse.m2e.core.internal.Bundles - 	Entry: C:\Users\MSI\.p2\pool\plugins\org.eclipse.m2e.maven.runtime_3.9.400.20230826-0755\jars\maven-resolver-transport-wagon-1.9.14.jar
2024-03-20 11:42:53,702 [Worker-21: Launching Executing install in D__TECHNO-ELEVATE_TRAINING_Microservices_address-app] INFO  o.eclipse.m2e.core.internal.Bundles - 	Entry: C:\Users\MSI\.p2\pool\plugins\org.eclipse.m2e.maven.runtime_3.9.400.20230826-0755\jars\maven-resolver-util-1.9.14.jar
2024-03-20 11:42:53,702 [Worker-21: Launching Executing install in D__TECHNO-ELEVATE_TRAINING_Microservices_address-app] INFO  o.eclipse.m2e.core.internal.Bundles - 	Entry: C:\Users\MSI\.p2\pool\plugins\org.eclipse.m2e.maven.runtime_3.9.400.20230826-0755\jars\maven-settings-3.9.4.jar
2024-03-20 11:42:53,702 [Worker-21: Launching Executing install in D__TECHNO-ELEVATE_TRAINING_Microservices_address-app] INFO  o.eclipse.m2e.core.internal.Bundles - 	Entry: C:\Users\MSI\.p2\pool\plugins\org.eclipse.m2e.maven.runtime_3.9.400.20230826-0755\jars\maven-settings-builder-3.9.4.jar
2024-03-20 11:42:53,702 [Worker-21: Launching Executing install in D__TECHNO-ELEVATE_TRAINING_Microservices_address-app] INFO  o.eclipse.m2e.core.internal.Bundles - 	Entry: C:\Users\MSI\.p2\pool\plugins\org.eclipse.m2e.maven.runtime_3.9.400.20230826-0755\jars\maven-shared-utils-3.3.4.jar
2024-03-20 11:42:53,702 [Worker-21: Launching Executing install in D__TECHNO-ELEVATE_TRAINING_Microservices_address-app] INFO  o.eclipse.m2e.core.internal.Bundles - 	Entry: C:\Users\MSI\.p2\pool\plugins\org.eclipse.m2e.maven.runtime_3.9.400.20230826-0755\jars\okhttp-3.14.1.jar
2024-03-20 11:42:53,702 [Worker-21: Launching Executing install in D__TECHNO-ELEVATE_TRAINING_Microservices_address-app] INFO  o.eclipse.m2e.core.internal.Bundles - 	Entry: C:\Users\MSI\.p2\pool\plugins\org.eclipse.m2e.maven.runtime_3.9.400.20230826-0755\jars\okio-1.17.3.jar
2024-03-20 11:42:53,702 [Worker-21: Launching Executing install in D__TECHNO-ELEVATE_TRAINING_Microservices_address-app] INFO  o.eclipse.m2e.core.internal.Bundles - 	Entry: C:\Users\MSI\.p2\pool\plugins\org.eclipse.m2e.maven.runtime_3.9.400.20230826-0755\jars\org.eclipse.sisu.inject-0.3.5.jar
2024-03-20 11:42:53,702 [Worker-21: Launching Executing install in D__TECHNO-ELEVATE_TRAINING_Microservices_address-app] INFO  o.eclipse.m2e.core.internal.Bundles - 	Entry: C:\Users\MSI\.p2\pool\plugins\org.eclipse.m2e.maven.runtime_3.9.400.20230826-0755\jars\org.eclipse.sisu.plexus-0.3.5.jar
2024-03-20 11:42:53,702 [Worker-21: Launching Executing install in D__TECHNO-ELEVATE_TRAINING_Microservices_address-app] INFO  o.eclipse.m2e.core.internal.Bundles - 	Entry: C:\Users\MSI\.p2\pool\plugins\org.eclipse.m2e.maven.runtime_3.9.400.20230826-0755\jars\plexus-build-api-0.0.7.jar
2024-03-20 11:42:53,703 [Worker-21: Launching Executing install in D__TECHNO-ELEVATE_TRAINING_Microservices_address-app] INFO  o.eclipse.m2e.core.internal.Bundles - 	Entry: C:\Users\MSI\.p2\pool\plugins\org.eclipse.m2e.maven.runtime_3.9.400.20230826-0755\jars\plexus-cipher-2.0.jar
2024-03-20 11:42:53,703 [Worker-21: Launching Executing install in D__TECHNO-ELEVATE_TRAINING_Microservices_address-app] INFO  o.eclipse.m2e.core.internal.Bundles - 	Entry: C:\Users\MSI\.p2\pool\plugins\org.eclipse.m2e.maven.runtime_3.9.400.20230826-0755\jars\plexus-classworlds-2.7.0.jar
2024-03-20 11:42:53,703 [Worker-21: Launching Executing install in D__TECHNO-ELEVATE_TRAINING_Microservices_address-app] INFO  o.eclipse.m2e.core.internal.Bundles - 	Entry: C:\Users\MSI\.p2\pool\plugins\org.eclipse.m2e.maven.runtime_3.9.400.20230826-0755\jars\plexus-component-annotations-2.1.0.jar
2024-03-20 11:42:53,703 [Worker-21: Launching Executing install in D__TECHNO-ELEVATE_TRAINING_Microservices_address-app] INFO  o.eclipse.m2e.core.internal.Bundles - 	Entry: C:\Users\MSI\.p2\pool\plugins\org.eclipse.m2e.maven.runtime_3.9.400.20230826-0755\jars\plexus-interpolation-1.26.jar
2024-03-20 11:42:53,703 [Worker-21: Launching Executing install in D__TECHNO-ELEVATE_TRAINING_Microservices_address-app] INFO  o.eclipse.m2e.core.internal.Bundles - 	Entry: C:\Users\MSI\.p2\pool\plugins\org.eclipse.m2e.maven.runtime_3.9.400.20230826-0755\jars\plexus-sec-dispatcher-2.0.jar
2024-03-20 11:42:53,703 [Worker-21: Launching Executing install in D__TECHNO-ELEVATE_TRAINING_Microservices_address-app] INFO  o.eclipse.m2e.core.internal.Bundles - 	Entry: C:\Users\MSI\.p2\pool\plugins\org.eclipse.m2e.maven.runtime_3.9.400.20230826-0755\jars\plexus-utils-3.5.1.jar
2024-03-20 11:42:53,703 [Worker-21: Launching Executing install in D__TECHNO-ELEVATE_TRAINING_Microservices_address-app] INFO  o.eclipse.m2e.core.internal.Bundles - 	Entry: C:\Users\MSI\.p2\pool\plugins\org.eclipse.m2e.maven.runtime_3.9.400.20230826-0755\jars\wagon-file-3.5.3.jar
2024-03-20 11:42:53,703 [Worker-21: Launching Executing install in D__TECHNO-ELEVATE_TRAINING_Microservices_address-app] INFO  o.eclipse.m2e.core.internal.Bundles - 	Entry: C:\Users\MSI\.p2\pool\plugins\org.eclipse.m2e.maven.runtime_3.9.400.20230826-0755\jars\wagon-provider-api-3.5.3.jar
2024-03-20 11:42:53,704 [Worker-21: Launching Executing install in D__TECHNO-ELEVATE_TRAINING_Microservices_address-app] INFO  o.eclipse.m2e.core.internal.Bundles - getClasspathEntries(Bundle=com.google.guava_32.1.2.jre [12])
2024-03-20 11:42:53,705 [Worker-21: Launching Executing install in D__TECHNO-ELEVATE_TRAINING_Microservices_address-app] INFO  o.eclipse.m2e.core.internal.Bundles - 	Entry: C:\Users\MSI\.p2\pool\plugins\com.google.guava_32.1.2.jre.jar
2024-03-20 11:42:53,705 [Worker-21: Launching Executing install in D__TECHNO-ELEVATE_TRAINING_Microservices_address-app] INFO  o.eclipse.m2e.core.internal.Bundles - getClasspathEntries(Bundle=slf4j.api_2.0.9 [982])
2024-03-20 11:42:53,705 [Worker-21: Launching Executing install in D__TECHNO-ELEVATE_TRAINING_Microservices_address-app] INFO  o.eclipse.m2e.core.internal.Bundles - 	Entry: C:\Users\MSI\.p2\pool\plugins\slf4j.api_2.0.9.jar
2024-03-20 11:42:53,705 [Worker-21: Launching Executing install in D__TECHNO-ELEVATE_TRAINING_Microservices_address-app] INFO  o.eclipse.m2e.core.internal.Bundles - getClasspathEntries(Bundle=javax.inject_1.0.0.v20220405-0441 [38])
2024-03-20 11:42:53,705 [Worker-21: Launching Executing install in D__TECHNO-ELEVATE_TRAINING_Microservices_address-app] INFO  o.eclipse.m2e.core.internal.Bundles - 	Entry: C:\Users\MSI\.p2\pool\plugins\javax.inject_1.0.0.v20220405-0441.jar
2024-03-20 11:42:53,705 [Worker-21: Launching Executing install in D__TECHNO-ELEVATE_TRAINING_Microservices_address-app] INFO  o.eclipse.m2e.core.internal.Bundles - getClasspathEntries(Bundle=javax.annotation_1.3.5.v20200909-1856 [36])
2024-03-20 11:42:53,706 [Worker-21: Launching Executing install in D__TECHNO-ELEVATE_TRAINING_Microservices_address-app] INFO  o.eclipse.m2e.core.internal.Bundles - 	Entry: C:\Users\MSI\.p2\pool\plugins\javax.annotation_1.3.5.v20200909-1856.jar
2024-03-20 11:42:53,706 [Worker-21: Launching Executing install in D__TECHNO-ELEVATE_TRAINING_Microservices_address-app] INFO  o.eclipse.m2e.core.internal.Bundles - getClasspathEntries(Bundle=org.apache.commons.cli_1.5.0 [73])
2024-03-20 11:42:53,706 [Worker-21: Launching Executing install in D__TECHNO-ELEVATE_TRAINING_Microservices_address-app] INFO  o.eclipse.m2e.core.internal.Bundles - 	Entry: C:\Users\MSI\.p2\pool\plugins\org.apache.commons.cli_1.5.0.jar
2024-03-20 11:42:53,706 [Worker-21: Launching Executing install in D__TECHNO-ELEVATE_TRAINING_Microservices_address-app] INFO  o.eclipse.m2e.core.internal.Bundles - getClasspathEntries(Bundle=com.google.guava.failureaccess_1.0.1 [14])
2024-03-20 11:42:53,706 [Worker-21: Launching Executing install in D__TECHNO-ELEVATE_TRAINING_Microservices_address-app] INFO  o.eclipse.m2e.core.internal.Bundles - 	Entry: C:\Users\MSI\.p2\pool\plugins\com.google.guava.failureaccess_1.0.1.jar
2024-03-20 11:42:53,717 [Worker-21: Launching Executing install in D__TECHNO-ELEVATE_TRAINING_Microservices_address-app] INFO  o.e.m.i.launch.MavenLaunchDelegate - Run build in "D:\TECHNO-ELEVATE\TRAINING\Microservices\address-app":
2024-03-20 11:42:53,720 [Worker-21: Launching Executing install in D__TECHNO-ELEVATE_TRAINING_Microservices_address-app] INFO  o.e.m.i.launch.MavenLaunchDelegate -  mvn  -B -Dstyle.color=always install
2024-03-20 19:04:47,089 [Worker-105: Building] ERROR o.e.m.c.i.p.r.ProjectRegistryManager - File not found: D:\TECHNO-ELEVATE\TRAINING\Microservices\customer-app\pom.xml.
org.eclipse.core.internal.resources.ResourceException: File not found: D:\TECHNO-ELEVATE\TRAINING\Microservices\customer-app\pom.xml.
	at org.eclipse.core.internal.localstore.FileSystemResourceManager.read(FileSystemResourceManager.java:881)
	at org.eclipse.core.internal.resources.File.getContents(File.java:298)
	at org.eclipse.core.internal.resources.File.getContents(File.java:289)
	at org.eclipse.m2e.core.internal.project.registry.ProjectRegistryManager.refreshPhase2(ProjectRegistryManager.java:586)
	at org.eclipse.m2e.core.internal.project.registry.ProjectRegistryManager.refresh(ProjectRegistryManager.java:488)
	at org.eclipse.m2e.core.internal.project.registry.ProjectRegistryManager.refresh(ProjectRegistryManager.java:367)
	at org.eclipse.m2e.core.internal.project.registry.ProjectRegistryManager.refresh(ProjectRegistryManager.java:319)
	at org.eclipse.m2e.core.internal.builder.MavenBuilder$BuildMethod.getProjectFacade(MavenBuilder.java:146)
	at org.eclipse.m2e.core.internal.builder.MavenBuilder$BuildMethod.lambda$0(MavenBuilder.java:84)
	at org.eclipse.m2e.core.internal.embedder.MavenExecutionContext.executeBare(MavenExecutionContext.java:394)
	at org.eclipse.m2e.core.internal.embedder.MavenExecutionContext.execute(MavenExecutionContext.java:275)
	at org.eclipse.m2e.core.internal.embedder.MavenExecutionContext.execute(MavenExecutionContext.java:214)
	at org.eclipse.m2e.core.internal.builder.MavenBuilder$BuildMethod.execute(MavenBuilder.java:83)
	at org.eclipse.m2e.core.internal.builder.MavenBuilder.build(MavenBuilder.java:192)
	at org.eclipse.core.internal.events.BuildManager$2.run(BuildManager.java:1079)
	at org.eclipse.core.runtime.SafeRunner.run(SafeRunner.java:45)
	at org.eclipse.core.internal.events.BuildManager.basicBuild(BuildManager.java:296)
	at org.eclipse.core.internal.events.BuildManager.basicBuild(BuildManager.java:352)
	at org.eclipse.core.internal.events.BuildManager$1.run(BuildManager.java:441)
	at org.eclipse.core.runtime.SafeRunner.run(SafeRunner.java:45)
	at org.eclipse.core.internal.events.BuildManager.basicBuild(BuildManager.java:444)
	at org.eclipse.core.internal.events.BuildManager.basicBuildLoop(BuildManager.java:555)
	at org.eclipse.core.internal.events.BuildManager.basicBuildLoop(BuildManager.java:503)
	at org.eclipse.core.internal.events.BuildManager.build(BuildManager.java:585)
	at org.eclipse.core.internal.events.AutoBuildJob.doBuild(AutoBuildJob.java:207)
	at org.eclipse.core.internal.events.AutoBuildJob.run(AutoBuildJob.java:300)
	at org.eclipse.core.internal.jobs.Worker.run(Worker.java:63)
Caused by: java.lang.Exception: File not found: D:\TECHNO-ELEVATE\TRAINING\Microservices\customer-app\pom.xml.
	at org.eclipse.core.internal.resources.ResourceException.provideStackTrace(ResourceException.java:42)
	at org.eclipse.core.internal.resources.ResourceException.<init>(ResourceException.java:38)
	... 27 common frames omitted
2024-03-20 19:04:47,199 [Worker-105: Building] ERROR o.e.m.c.i.p.r.ProjectRegistryManager - File not found: D:\TECHNO-ELEVATE\TRAINING\Microservices\employee-app\pom.xml.
org.eclipse.core.internal.resources.ResourceException: File not found: D:\TECHNO-ELEVATE\TRAINING\Microservices\employee-app\pom.xml.
	at org.eclipse.core.internal.localstore.FileSystemResourceManager.read(FileSystemResourceManager.java:881)
	at org.eclipse.core.internal.resources.File.getContents(File.java:298)
	at org.eclipse.core.internal.resources.File.getContents(File.java:289)
	at org.eclipse.m2e.core.internal.project.registry.ProjectRegistryManager.refreshPhase2(ProjectRegistryManager.java:586)
	at org.eclipse.m2e.core.internal.project.registry.ProjectRegistryManager.refresh(ProjectRegistryManager.java:488)
	at org.eclipse.m2e.core.internal.project.registry.ProjectRegistryManager.refresh(ProjectRegistryManager.java:367)
	at org.eclipse.m2e.core.internal.project.registry.ProjectRegistryManager.refresh(ProjectRegistryManager.java:319)
	at org.eclipse.m2e.core.internal.builder.MavenBuilder$BuildMethod.getProjectFacade(MavenBuilder.java:146)
	at org.eclipse.m2e.core.internal.builder.MavenBuilder$BuildMethod.lambda$0(MavenBuilder.java:84)
	at org.eclipse.m2e.core.internal.embedder.MavenExecutionContext.executeBare(MavenExecutionContext.java:394)
	at org.eclipse.m2e.core.internal.embedder.MavenExecutionContext.execute(MavenExecutionContext.java:275)
	at org.eclipse.m2e.core.internal.embedder.MavenExecutionContext.execute(MavenExecutionContext.java:214)
	at org.eclipse.m2e.core.internal.builder.MavenBuilder$BuildMethod.execute(MavenBuilder.java:83)
	at org.eclipse.m2e.core.internal.builder.MavenBuilder.build(MavenBuilder.java:192)
	at org.eclipse.core.internal.events.BuildManager$2.run(BuildManager.java:1079)
	at org.eclipse.core.runtime.SafeRunner.run(SafeRunner.java:45)
	at org.eclipse.core.internal.events.BuildManager.basicBuild(BuildManager.java:296)
	at org.eclipse.core.internal.events.BuildManager.basicBuild(BuildManager.java:352)
	at org.eclipse.core.internal.events.BuildManager$1.run(BuildManager.java:441)
	at org.eclipse.core.runtime.SafeRunner.run(SafeRunner.java:45)
	at org.eclipse.core.internal.events.BuildManager.basicBuild(BuildManager.java:444)
	at org.eclipse.core.internal.events.BuildManager.basicBuildLoop(BuildManager.java:555)
	at org.eclipse.core.internal.events.BuildManager.basicBuildLoop(BuildManager.java:503)
	at org.eclipse.core.internal.events.BuildManager.build(BuildManager.java:585)
	at org.eclipse.core.internal.events.AutoBuildJob.doBuild(AutoBuildJob.java:207)
	at org.eclipse.core.internal.events.AutoBuildJob.run(AutoBuildJob.java:300)
	at org.eclipse.core.internal.jobs.Worker.run(Worker.java:63)
Caused by: java.lang.Exception: File not found: D:\TECHNO-ELEVATE\TRAINING\Microservices\employee-app\pom.xml.
	at org.eclipse.core.internal.resources.ResourceException.provideStackTrace(ResourceException.java:42)
	at org.eclipse.core.internal.resources.ResourceException.<init>(ResourceException.java:38)
	... 27 common frames omitted
